<?xml version="1.0" encoding="UTF-8"?>
<!-- Generated by org.testng.reporters.JUnitXMLReporter -->
<testsuite hostname="DESKTOP-88SLU00" ignored="0" name="Default test" tests="4" failures="0" timestamp="07 Mar 2022 10:40:13 GMT" time="65.678" errors="0">
  <testcase name="TG_Invalidlogin" time="3.154" classname="TESTproject.TG_Login"/>
  <testcase name="TG_Reset" time="0.318" classname="TESTproject.TG_Login"/>
  <testcase name="TG_logout" time="12.865" classname="TESTproject.TG_Login"/>
  <testcase name="login" time="8.241" classname="TESTproject.TG_Login"/>
</testsuite> <!-- Default test -->
